Arguments: 
  D:\node\node.exe C:\Users\admin\AppData\Roaming\npm\node_modules\yarn\bin\yarn.js add -D vuepress

PATH: 
  c:\Users\admin\AppData\Local\Programs\cursor\resources\app\bin;C:\WINDOWS\system32;C:\WINDOWS;C:\WINDOWS\System32\Wbem;C:\WINDOWS\System32\WindowsPowerShell\v1.0\;C:\WINDOWS\System32\OpenSSH\;D:\Git\cmd;D:\node\;D:\GO\bin;C:\Program Files\dotnet\;C:\Users\admin\AppData\Local\Microsoft\WindowsApps;C:\Users\admin\AppData\Roaming\npm;C:\Users\admin\go\bin;D:\code\flutter\bin;D:\Android\bin;;c:\Users\admin\AppData\Local\Programs\cursor\resources\app\bin;C:\Users\admin\AppData\Local\Microsoft\WindowsApps;D:\Microsoft VS Code\bin;C:\Users\admin\AppData\Roaming\npm;C:\Users\admin\go\bin;D:\code\flutter\bin;D:\Android\bin;

Yarn version: 
  1.22.18

Node version: 
  14.13.0

Platform: 
  win32 x64

Trace: 
  Error: certificate has expired
      at TLSSocket.onConnectSecure (_tls_wrap.js:1497:34)
      at TLSSocket.emit (events.js:314:20)
      at TLSSocket._finishInit (_tls_wrap.js:932:8)
      at TLSWrap.ssl.onhandshakedone (_tls_wrap.js:706:12)

npm manifest: 
  {
    "name": "Note",
    "version": "1.0.0",
    "main": "index.js",
    "repository": "https://github.com/TZB-Loong/Note.git",
    "author": "1490344098@qq.com <1490344098@qq.com>",
    "license": "MIT"
  }

yarn manifest: 
  No manifest

Lockfile: 
  No lockfile
